Logfile initialized
[INFO] logfile = /Users/okpala/IowaAlumni--Android-/build.log
[DEBUG] /Users/okpala/Library/Application Support/Titanium/mobilesdk/osx/3.1.3.GA/android/builder.py install UIowa Alumni /Users/okpala /Users/okpala/IowaAlumni--Android- com.iowalum.uiowaalumni 15
[INFO] Titanium SDK version: 3.1.3 (09/18/13 12:00 222f4d1)
[DEBUG] Waiting for device to be ready ...
[TRACE] adb devices returned 2 devices/emulators
[DEBUG] Device connected... (waited 0 seconds)
[DEBUG] waited 0.076174 seconds on emulator to get ready
[DEBUG] com.iowalum.uiowaalumni installed? False
[INFO] Copying CommonJS modules...
[INFO] Copying project resources..
[INFO] Detected change in tiapp.xml, or assets deleted. Forcing full re-build...
[TRACE] COPYING CREATED FILE: /Users/okpala/IowaAlumni--Android-/Resources/android/appicon.png => /Users/okpala/IowaAlumni--Android-/build/android/bin/assets/Resources/appicon.png
[TRACE] COPYING CREATED FILE: /Users/okpala/IowaAlumni--Android-/Resources/android/default.png => /Users/okpala/IowaAlumni--Android-/build/android/bin/assets/Resources/default.png
[TRACE] COPYING CREATED FILE: /Users/okpala/IowaAlumni--Android-/Resources/android.keystore => /Users/okpala/IowaAlumni--Android-/build/android/bin/assets/Resources/.keystore
[TRACE] COPYING CREATED FILE: /Users/okpala/IowaAlumni--Android-/Resources/app.js => /Users/okpala/IowaAlumni--Android-/build/android/bin/assets/Resources/app.js
[TRACE] COPYING CREATED FILE: /Users/okpala/IowaAlumni--Android-/Resources/arrow.png => /Users/okpala/IowaAlumni--Android-/build/android/bin/assets/Resources/arrow.png
[TRACE] COPYING CREATED FILE: /Users/okpala/IowaAlumni--Android-/Resources/black.png => /Users/okpala/IowaAlumni--Android-/build/android/bin/assets/Resources/black.png
[TRACE] COPYING CREATED FILE: /Users/okpala/IowaAlumni--Android-/Resources/blue.png => /Users/okpala/IowaAlumni--Android-/build/android/bin/assets/Resources/blue.png
[TRACE] COPYING CREATED FILE: /Users/okpala/IowaAlumni--Android-/Resources/clubs.png => /Users/okpala/IowaAlumni--Android-/build/android/bin/assets/Resources/clubs.png
[TRACE] COPYING CREATED FILE: /Users/okpala/IowaAlumni--Android-/Resources/clubsselected.png => /Users/okpala/IowaAlumni--Android-/build/android/bin/assets/Resources/clubsselected.png
[TRACE] COPYING CREATED FILE: /Users/okpala/IowaAlumni--Android-/Resources/dark.jpg => /Users/okpala/IowaAlumni--Android-/build/android/bin/assets/Resources/dark.jpg
[TRACE] COPYING CREATED FILE: /Users/okpala/IowaAlumni--Android-/Resources/events.png => /Users/okpala/IowaAlumni--Android-/build/android/bin/assets/Resources/events.png
[TRACE] COPYING CREATED FILE: /Users/okpala/IowaAlumni--Android-/Resources/eventsselected.png => /Users/okpala/IowaAlumni--Android-/build/android/bin/assets/Resources/eventsselected.png
[TRACE] COPYING CREATED FILE: /Users/okpala/IowaAlumni--Android-/Resources/facebook.png => /Users/okpala/IowaAlumni--Android-/build/android/bin/assets/Resources/facebook.png
[TRACE] COPYING CREATED FILE: /Users/okpala/IowaAlumni--Android-/Resources/fourquare.png => /Users/okpala/IowaAlumni--Android-/build/android/bin/assets/Resources/fourquare.png
[TRACE] COPYING CREATED FILE: /Users/okpala/IowaAlumni--Android-/Resources/gold-broder.png => /Users/okpala/IowaAlumni--Android-/build/android/bin/assets/Resources/gold-broder.png
[TRACE] COPYING CREATED FILE: /Users/okpala/IowaAlumni--Android-/Resources/gold.png => /Users/okpala/IowaAlumni--Android-/build/android/bin/assets/Resources/gold.png
[TRACE] COPYING CREATED FILE: /Users/okpala/IowaAlumni--Android-/Resources/goldover.png => /Users/okpala/IowaAlumni--Android-/build/android/bin/assets/Resources/goldover.png
[TRACE] COPYING CREATED FILE: /Users/okpala/IowaAlumni--Android-/Resources/gray-broder.png => /Users/okpala/IowaAlumni--Android-/build/android/bin/assets/Resources/gray-broder.png
[TRACE] COPYING CREATED FILE: /Users/okpala/IowaAlumni--Android-/Resources/herky.png => /Users/okpala/IowaAlumni--Android-/build/android/bin/assets/Resources/herky.png
[TRACE] COPYING CREATED FILE: /Users/okpala/IowaAlumni--Android-/Resources/home.png => /Users/okpala/IowaAlumni--Android-/build/android/bin/assets/Resources/home.png
[TRACE] COPYING CREATED FILE: /Users/okpala/IowaAlumni--Android-/Resources/homeselected.png => /Users/okpala/IowaAlumni--Android-/build/android/bin/assets/Resources/homeselected.png
[TRACE] COPYING CREATED FILE: /Users/okpala/IowaAlumni--Android-/Resources/images/homeselected.png => /Users/okpala/IowaAlumni--Android-/build/android/bin/assets/Resources/images/homeselected.png
[TRACE] COPYING CREATED FILE: /Users/okpala/IowaAlumni--Android-/Resources/images/refresh_icon.png => /Users/okpala/IowaAlumni--Android-/build/android/bin/assets/Resources/images/refresh_icon.png
[TRACE] COPYING CREATED FILE: /Users/okpala/IowaAlumni--Android-/Resources/info.png => /Users/okpala/IowaAlumni--Android-/build/android/bin/assets/Resources/info.png
[TRACE] COPYING CREATED FILE: /Users/okpala/IowaAlumni--Android-/Resources/infoselected.png => /Users/okpala/IowaAlumni--Android-/build/android/bin/assets/Resources/infoselected.png
[TRACE] COPYING CREATED FILE: /Users/okpala/IowaAlumni--Android-/Resources/insider.png => /Users/okpala/IowaAlumni--Android-/build/android/bin/assets/Resources/insider.png
[TRACE] COPYING CREATED FILE: /Users/okpala/IowaAlumni--Android-/Resources/insiderselected.png => /Users/okpala/IowaAlumni--Android-/build/android/bin/assets/Resources/insiderselected.png
[TRACE] COPYING CREATED FILE: /Users/okpala/IowaAlumni--Android-/Resources/instagram.png => /Users/okpala/IowaAlumni--Android-/build/android/bin/assets/Resources/instagram.png
[TRACE] COPYING CREATED FILE: /Users/okpala/IowaAlumni--Android-/Resources/iowaPeople.png => /Users/okpala/IowaAlumni--Android-/build/android/bin/assets/Resources/iowaPeople.png
[TRACE] COPYING CREATED FILE: /Users/okpala/IowaAlumni--Android-/Resources/KS_nav_ui.png => /Users/okpala/IowaAlumni--Android-/build/android/bin/assets/Resources/KS_nav_ui.png
[TRACE] COPYING CREATED FILE: /Users/okpala/IowaAlumni--Android-/Resources/KS_nav_views.png => /Users/okpala/IowaAlumni--Android-/build/android/bin/assets/Resources/KS_nav_views.png
[TRACE] COPYING CREATED FILE: /Users/okpala/IowaAlumni--Android-/Resources/linkedin.png => /Users/okpala/IowaAlumni--Android-/build/android/bin/assets/Resources/linkedin.png
[TRACE] COPYING CREATED FILE: /Users/okpala/IowaAlumni--Android-/Resources/loader.png => /Users/okpala/IowaAlumni--Android-/build/android/bin/assets/Resources/loader.png
[TRACE] COPYING CREATED FILE: /Users/okpala/IowaAlumni--Android-/Resources/loader120x120.png => /Users/okpala/IowaAlumni--Android-/build/android/bin/assets/Resources/loader120x120.png
[TRACE] COPYING CREATED FILE: /Users/okpala/IowaAlumni--Android-/Resources/loader400x600.png => /Users/okpala/IowaAlumni--Android-/build/android/bin/assets/Resources/loader400x600.png
[TRACE] COPYING CREATED FILE: /Users/okpala/IowaAlumni--Android-/Resources/loader480x120.png => /Users/okpala/IowaAlumni--Android-/build/android/bin/assets/Resources/loader480x120.png
[TRACE] COPYING CREATED FILE: /Users/okpala/IowaAlumni--Android-/Resources/logo.png => /Users/okpala/IowaAlumni--Android-/build/android/bin/assets/Resources/logo.png
[TRACE] COPYING CREATED FILE: /Users/okpala/IowaAlumni--Android-/Resources/magazine.png => /Users/okpala/IowaAlumni--Android-/build/android/bin/assets/Resources/magazine.png
[TRACE] COPYING CREATED FILE: /Users/okpala/IowaAlumni--Android-/Resources/magazineselected.png => /Users/okpala/IowaAlumni--Android-/build/android/bin/assets/Resources/magazineselected.png
[TRACE] COPYING CREATED FILE: /Users/okpala/IowaAlumni--Android-/Resources/magfan.jpg => /Users/okpala/IowaAlumni--Android-/build/android/bin/assets/Resources/magfan.jpg
[TRACE] COPYING CREATED FILE: /Users/okpala/IowaAlumni--Android-/Resources/magfan.png => /Users/okpala/IowaAlumni--Android-/build/android/bin/assets/Resources/magfan.png
[TRACE] COPYING CREATED FILE: /Users/okpala/IowaAlumni--Android-/Resources/memberbenefits.png => /Users/okpala/IowaAlumni--Android-/build/android/bin/assets/Resources/memberbenefits.png
[TRACE] COPYING CREATED FILE: /Users/okpala/IowaAlumni--Android-/Resources/memberbenefitsselected.png => /Users/okpala/IowaAlumni--Android-/build/android/bin/assets/Resources/memberbenefitsselected.png
[TRACE] COPYING CREATED FILE: /Users/okpala/IowaAlumni--Android-/Resources/membercard.png => /Users/okpala/IowaAlumni--Android-/build/android/bin/assets/Resources/membercard.png
[TRACE] COPYING CREATED FILE: /Users/okpala/IowaAlumni--Android-/Resources/membercardselected.png => /Users/okpala/IowaAlumni--Android-/build/android/bin/assets/Resources/membercardselected.png
[TRACE] COPYING CREATED FILE: /Users/okpala/IowaAlumni--Android-/Resources/menu.jpg => /Users/okpala/IowaAlumni--Android-/build/android/bin/assets/Resources/menu.jpg
[TRACE] COPYING CREATED FILE: /Users/okpala/IowaAlumni--Android-/Resources/menubg.jpg => /Users/okpala/IowaAlumni--Android-/build/android/bin/assets/Resources/menubg.jpg
[TRACE] COPYING CREATED FILE: /Users/okpala/IowaAlumni--Android-/Resources/navbar.png => /Users/okpala/IowaAlumni--Android-/build/android/bin/assets/Resources/navbar.png
[TRACE] COPYING CREATED FILE: /Users/okpala/IowaAlumni--Android-/Resources/overshadow.png => /Users/okpala/IowaAlumni--Android-/build/android/bin/assets/Resources/overshadow.png
[TRACE] COPYING CREATED FILE: /Users/okpala/IowaAlumni--Android-/Resources/overshadow2.png => /Users/okpala/IowaAlumni--Android-/build/android/bin/assets/Resources/overshadow2.png
[TRACE] COPYING CREATED FILE: /Users/okpala/IowaAlumni--Android-/Resources/overshadow3.png => /Users/okpala/IowaAlumni--Android-/build/android/bin/assets/Resources/overshadow3.png
[TRACE] COPYING CREATED FILE: /Users/okpala/IowaAlumni--Android-/Resources/people.png => /Users/okpala/IowaAlumni--Android-/build/android/bin/assets/Resources/people.png
[TRACE] COPYING CREATED FILE: /Users/okpala/IowaAlumni--Android-/Resources/pinterest.png => /Users/okpala/IowaAlumni--Android-/build/android/bin/assets/Resources/pinterest.png
[TRACE] COPYING CREATED FILE: /Users/okpala/IowaAlumni--Android-/Resources/pressed.jpg => /Users/okpala/IowaAlumni--Android-/build/android/bin/assets/Resources/pressed.jpg
[TRACE] COPYING CREATED FILE: /Users/okpala/IowaAlumni--Android-/Resources/shadow.png => /Users/okpala/IowaAlumni--Android-/build/android/bin/assets/Resources/shadow.png
[TRACE] COPYING CREATED FILE: /Users/okpala/IowaAlumni--Android-/Resources/tagline.png => /Users/okpala/IowaAlumni--Android-/build/android/bin/assets/Resources/tagline.png
[TRACE] COPYING CREATED FILE: /Users/okpala/IowaAlumni--Android-/Resources/test.png => /Users/okpala/IowaAlumni--Android-/build/android/bin/assets/Resources/test.png
[TRACE] COPYING CREATED FILE: /Users/okpala/IowaAlumni--Android-/Resources/thawk.png => /Users/okpala/IowaAlumni--Android-/build/android/bin/assets/Resources/thawk.png
[TRACE] COPYING CREATED FILE: /Users/okpala/IowaAlumni--Android-/Resources/tv.png => /Users/okpala/IowaAlumni--Android-/build/android/bin/assets/Resources/tv.png
[TRACE] COPYING CREATED FILE: /Users/okpala/IowaAlumni--Android-/Resources/twitter.png => /Users/okpala/IowaAlumni--Android-/build/android/bin/assets/Resources/twitter.png
[TRACE] COPYING CREATED FILE: /Users/okpala/IowaAlumni--Android-/Resources/ui/common/Ad.js => /Users/okpala/IowaAlumni--Android-/build/android/bin/assets/Resources/ui/common/Ad.js
[TRACE] COPYING CREATED FILE: /Users/okpala/IowaAlumni--Android-/Resources/ui/common/ApplicationWindow.js => /Users/okpala/IowaAlumni--Android-/build/android/bin/assets/Resources/ui/common/ApplicationWindow.js
[TRACE] COPYING CREATED FILE: /Users/okpala/IowaAlumni--Android-/Resources/ui/common/ArticlesWindow.js => /Users/okpala/IowaAlumni--Android-/build/android/bin/assets/Resources/ui/common/ArticlesWindow.js
[TRACE] COPYING CREATED FILE: /Users/okpala/IowaAlumni--Android-/Resources/ui/common/CachedImageView.js => /Users/okpala/IowaAlumni--Android-/build/android/bin/assets/Resources/ui/common/CachedImageView.js
[TRACE] COPYING CREATED FILE: /Users/okpala/IowaAlumni--Android-/Resources/ui/common/ClubsWindow.js => /Users/okpala/IowaAlumni--Android-/build/android/bin/assets/Resources/ui/common/ClubsWindow.js
[TRACE] COPYING CREATED FILE: /Users/okpala/IowaAlumni--Android-/Resources/ui/common/ContactUsWindow.js => /Users/okpala/IowaAlumni--Android-/build/android/bin/assets/Resources/ui/common/ContactUsWindow.js
[TRACE] COPYING CREATED FILE: /Users/okpala/IowaAlumni--Android-/Resources/ui/common/createRemoteImageView2.js => /Users/okpala/IowaAlumni--Android-/build/android/bin/assets/Resources/ui/common/createRemoteImageView2.js
[TRACE] COPYING CREATED FILE: /Users/okpala/IowaAlumni--Android-/Resources/ui/common/DateObject.js => /Users/okpala/IowaAlumni--Android-/build/android/bin/assets/Resources/ui/common/DateObject.js
[TRACE] COPYING CREATED FILE: /Users/okpala/IowaAlumni--Android-/Resources/ui/common/Description.js => /Users/okpala/IowaAlumni--Android-/build/android/bin/assets/Resources/ui/common/Description.js
[TRACE] COPYING CREATED FILE: /Users/okpala/IowaAlumni--Android-/Resources/ui/common/EditText.js => /Users/okpala/IowaAlumni--Android-/build/android/bin/assets/Resources/ui/common/EditText.js
[TRACE] COPYING CREATED FILE: /Users/okpala/IowaAlumni--Android-/Resources/ui/common/ErrorWindow.js => /Users/okpala/IowaAlumni--Android-/build/android/bin/assets/Resources/ui/common/ErrorWindow.js
[TRACE] COPYING CREATED FILE: /Users/okpala/IowaAlumni--Android-/Resources/ui/common/EventsWindow.js => /Users/okpala/IowaAlumni--Android-/build/android/bin/assets/Resources/ui/common/EventsWindow.js
[TRACE] COPYING CREATED FILE: /Users/okpala/IowaAlumni--Android-/Resources/ui/common/FeatureRow.js => /Users/okpala/IowaAlumni--Android-/build/android/bin/assets/Resources/ui/common/FeatureRow.js
[TRACE] COPYING CREATED FILE: /Users/okpala/IowaAlumni--Android-/Resources/ui/common/Feed.js => /Users/okpala/IowaAlumni--Android-/build/android/bin/assets/Resources/ui/common/Feed.js
[TRACE] COPYING CREATED FILE: /Users/okpala/IowaAlumni--Android-/Resources/ui/common/FormatDate.js => /Users/okpala/IowaAlumni--Android-/build/android/bin/assets/Resources/ui/common/FormatDate.js
[TRACE] COPYING CREATED FILE: /Users/okpala/IowaAlumni--Android-/Resources/ui/common/GameWatchWindow.js => /Users/okpala/IowaAlumni--Android-/build/android/bin/assets/Resources/ui/common/GameWatchWindow.js
[TRACE] COPYING CREATED FILE: /Users/okpala/IowaAlumni--Android-/Resources/ui/common/HeaderRow.js => /Users/okpala/IowaAlumni--Android-/build/android/bin/assets/Resources/ui/common/HeaderRow.js
[TRACE] COPYING CREATED FILE: /Users/okpala/IowaAlumni--Android-/Resources/ui/common/HomeImageSlider.js => /Users/okpala/IowaAlumni--Android-/build/android/bin/assets/Resources/ui/common/HomeImageSlider.js
[TRACE] COPYING CREATED FILE: /Users/okpala/IowaAlumni--Android-/Resources/ui/common/HomeSMSection.js => /Users/okpala/IowaAlumni--Android-/build/android/bin/assets/Resources/ui/common/HomeSMSection.js
[TRACE] COPYING CREATED FILE: /Users/okpala/IowaAlumni--Android-/Resources/ui/common/IAMIntroRow.js => /Users/okpala/IowaAlumni--Android-/build/android/bin/assets/Resources/ui/common/IAMIntroRow.js
[TRACE] COPYING CREATED FILE: /Users/okpala/IowaAlumni--Android-/Resources/ui/common/IIBIntroRow.js => /Users/okpala/IowaAlumni--Android-/build/android/bin/assets/Resources/ui/common/IIBIntroRow.js
[TRACE] COPYING CREATED FILE: /Users/okpala/IowaAlumni--Android-/Resources/ui/common/ImageCaching.js => /Users/okpala/IowaAlumni--Android-/build/android/bin/assets/Resources/ui/common/ImageCaching.js
[TRACE] COPYING CREATED FILE: /Users/okpala/IowaAlumni--Android-/Resources/ui/common/LoadingScreen.js => /Users/okpala/IowaAlumni--Android-/build/android/bin/assets/Resources/ui/common/LoadingScreen.js
[TRACE] COPYING CREATED FILE: /Users/okpala/IowaAlumni--Android-/Resources/ui/common/MapWindow.js => /Users/okpala/IowaAlumni--Android-/build/android/bin/assets/Resources/ui/common/MapWindow.js
[TRACE] COPYING CREATED FILE: /Users/okpala/IowaAlumni--Android-/Resources/ui/common/MemberCardWindow.js => /Users/okpala/IowaAlumni--Android-/build/android/bin/assets/Resources/ui/common/MemberCardWindow.js
[TRACE] COPYING CREATED FILE: /Users/okpala/IowaAlumni--Android-/Resources/ui/common/MenuRow.js => /Users/okpala/IowaAlumni--Android-/build/android/bin/assets/Resources/ui/common/MenuRow.js
[TRACE] COPYING CREATED FILE: /Users/okpala/IowaAlumni--Android-/Resources/ui/common/NationalBenefitsWindow.js => /Users/okpala/IowaAlumni--Android-/build/android/bin/assets/Resources/ui/common/NationalBenefitsWindow.js
[TRACE] COPYING CREATED FILE: /Users/okpala/IowaAlumni--Android-/Resources/ui/common/NavigateWindow.js => /Users/okpala/IowaAlumni--Android-/build/android/bin/assets/Resources/ui/common/NavigateWindow.js
[TRACE] COPYING CREATED FILE: /Users/okpala/IowaAlumni--Android-/Resources/ui/common/Post.js => /Users/okpala/IowaAlumni--Android-/build/android/bin/assets/Resources/ui/common/Post.js
[TRACE] COPYING CREATED FILE: /Users/okpala/IowaAlumni--Android-/Resources/ui/common/PostGroup.js => /Users/okpala/IowaAlumni--Android-/build/android/bin/assets/Resources/ui/common/PostGroup.js
[TRACE] COPYING CREATED FILE: /Users/okpala/IowaAlumni--Android-/Resources/ui/common/RefreshSection.js => /Users/okpala/IowaAlumni--Android-/build/android/bin/assets/Resources/ui/common/RefreshSection.js
[TRACE] COPYING CREATED FILE: /Users/okpala/IowaAlumni--Android-/Resources/ui/common/RootWindow.js => /Users/okpala/IowaAlumni--Android-/build/android/bin/assets/Resources/ui/common/RootWindow.js
[TRACE] COPYING CREATED FILE: /Users/okpala/IowaAlumni--Android-/Resources/ui/common/Row.js => /Users/okpala/IowaAlumni--Android-/build/android/bin/assets/Resources/ui/common/Row.js
[TRACE] COPYING CREATED FILE: /Users/okpala/IowaAlumni--Android-/Resources/ui/common/SinglePost.js => /Users/okpala/IowaAlumni--Android-/build/android/bin/assets/Resources/ui/common/SinglePost.js
[TRACE] COPYING CREATED FILE: /Users/okpala/IowaAlumni--Android-/Resources/ui/common/SingleRow.js => /Users/okpala/IowaAlumni--Android-/build/android/bin/assets/Resources/ui/common/SingleRow.js
[TRACE] COPYING CREATED FILE: /Users/okpala/IowaAlumni--Android-/Resources/ui/common/SocialMediaIcons.js => /Users/okpala/IowaAlumni--Android-/build/android/bin/assets/Resources/ui/common/SocialMediaIcons.js
[TRACE] COPYING CREATED FILE: /Users/okpala/IowaAlumni--Android-/Resources/ui/common/StatesWindow.js => /Users/okpala/IowaAlumni--Android-/build/android/bin/assets/Resources/ui/common/StatesWindow.js
[TRACE] COPYING CREATED FILE: /Users/okpala/IowaAlumni--Android-/Resources/ui/common/StaticAd.js => /Users/okpala/IowaAlumni--Android-/build/android/bin/assets/Resources/ui/common/StaticAd.js
[TRACE] COPYING CREATED FILE: /Users/okpala/IowaAlumni--Android-/Resources/ui/common/TabNavWindow.js => /Users/okpala/IowaAlumni--Android-/build/android/bin/assets/Resources/ui/common/TabNavWindow.js
[TRACE] COPYING CREATED FILE: /Users/okpala/IowaAlumni--Android-/Resources/ui/common/Tracker.js => /Users/okpala/IowaAlumni--Android-/build/android/bin/assets/Resources/ui/common/Tracker.js
[TRACE] COPYING CREATED FILE: /Users/okpala/IowaAlumni--Android-/Resources/ui/common/WebView.js => /Users/okpala/IowaAlumni--Android-/build/android/bin/assets/Resources/ui/common/WebView.js
[TRACE] COPYING CREATED FILE: /Users/okpala/IowaAlumni--Android-/Resources/UIAA_bw.jpg => /Users/okpala/IowaAlumni--Android-/build/android/bin/assets/Resources/UIAA_bw.jpg
[DEBUG] LiveView not enabled
[TRACE] Generating Java Classes
[DEBUG] Processing Android resource drawables
[TRACE] COPYING FILE: /Users/okpala/IowaAlumni--Android-/Resources/android/images/res-long-port-hdpi/black.png => /Users/okpala/IowaAlumni--Android-/build/android/res/drawable-long-port-hdpi/black_d2acacc35a.png
[TRACE] COPYING FILE: /Users/okpala/IowaAlumni--Android-/Resources/android/images/res-long-port-hdpi/default1.png => /Users/okpala/IowaAlumni--Android-/build/android/res/drawable-long-port-hdpi/default1_aa429f3a8b.png
[TRACE] COPYING FILE: /Users/okpala/IowaAlumni--Android-/Resources/android/images/res-long-port-hdpi/newmenubutton.png => /Users/okpala/IowaAlumni--Android-/build/android/res/drawable-long-port-hdpi/newmenubutton_d54781c954.png
[TRACE] COPYING FILE: /Users/okpala/IowaAlumni--Android-/Resources/android/images/res-long-port-ldpi/black.png => /Users/okpala/IowaAlumni--Android-/build/android/res/drawable-long-port-ldpi/black_d2acacc35a.png
[TRACE] COPYING FILE: /Users/okpala/IowaAlumni--Android-/Resources/android/images/res-long-port-ldpi/default1.png => /Users/okpala/IowaAlumni--Android-/build/android/res/drawable-long-port-ldpi/default1_aa429f3a8b.png
[TRACE] COPYING FILE: /Users/okpala/IowaAlumni--Android-/Resources/android/images/res-long-port-ldpi/newmenubutton.png => /Users/okpala/IowaAlumni--Android-/build/android/res/drawable-long-port-ldpi/newmenubutton_d54781c954.png
[TRACE] COPYING FILE: /Users/okpala/IowaAlumni--Android-/Resources/android/images/res-notlong-port-hdpi/black.png => /Users/okpala/IowaAlumni--Android-/build/android/res/drawable-notlong-port-hdpi/black_d2acacc35a.png
[TRACE] COPYING FILE: /Users/okpala/IowaAlumni--Android-/Resources/android/images/res-notlong-port-hdpi/default1.png => /Users/okpala/IowaAlumni--Android-/build/android/res/drawable-notlong-port-hdpi/default1_aa429f3a8b.png
[TRACE] COPYING FILE: /Users/okpala/IowaAlumni--Android-/Resources/android/images/res-notlong-port-hdpi/newmenubutton.png => /Users/okpala/IowaAlumni--Android-/build/android/res/drawable-notlong-port-hdpi/newmenubutton_d54781c954.png
[TRACE] COPYING FILE: /Users/okpala/IowaAlumni--Android-/Resources/android/images/res-notlong-port-ldpi/black.png => /Users/okpala/IowaAlumni--Android-/build/android/res/drawable-notlong-port-ldpi/black_d2acacc35a.png
[TRACE] COPYING FILE: /Users/okpala/IowaAlumni--Android-/Resources/android/images/res-notlong-port-ldpi/default1.png => /Users/okpala/IowaAlumni--Android-/build/android/res/drawable-notlong-port-ldpi/default1_aa429f3a8b.png
[TRACE] COPYING FILE: /Users/okpala/IowaAlumni--Android-/Resources/android/images/res-notlong-port-ldpi/newmenubutton.png => /Users/okpala/IowaAlumni--Android-/build/android/res/drawable-notlong-port-ldpi/newmenubutton_d54781c954.png
[TRACE] COPYING FILE: /Users/okpala/IowaAlumni--Android-/Resources/android/images/res-notlong-port-mdpi/black.png => /Users/okpala/IowaAlumni--Android-/build/android/res/drawable-notlong-port-mdpi/black_d2acacc35a.png
[TRACE] COPYING FILE: /Users/okpala/IowaAlumni--Android-/Resources/android/images/res-notlong-port-mdpi/default1.png => /Users/okpala/IowaAlumni--Android-/build/android/res/drawable-notlong-port-mdpi/default1_aa429f3a8b.png
[TRACE] COPYING FILE: /Users/okpala/IowaAlumni--Android-/Resources/android/images/res-notlong-port-mdpi/newmenubutton.png => /Users/okpala/IowaAlumni--Android-/build/android/res/drawable-notlong-port-mdpi/newmenubutton_d54781c954.png
[DEBUG] found special platform files dir = /Users/okpala/IowaAlumni--Android-/platform/android
[DEBUG] app stylesheet => /Users/okpala/IowaAlumni--Android-/build/android/gen/com/iowalum/uiowaalumni/ApplicationStylesheet.java
[DEBUG] copying app icon: /Users/okpala/IowaAlumni--Android-/build/android/bin/assets/Resources/appicon.png
[DEBUG] generating theme.xml
[DEBUG] found drawable-long-port-hdpi splash screen at /Users/okpala/IowaAlumni--Android-/Resources/android/images/res-long-port-hdpi/default.png
[DEBUG] copying /Users/okpala/IowaAlumni--Android-/Resources/android/images/res-long-port-hdpi/default.png splash screen to /Users/okpala/IowaAlumni--Android-/build/android/res/drawable-long-port-hdpi/background.png
[DEBUG] found drawable-long-port-ldpi splash screen at /Users/okpala/IowaAlumni--Android-/Resources/android/images/res-long-port-ldpi/default.png
[DEBUG] copying /Users/okpala/IowaAlumni--Android-/Resources/android/images/res-long-port-ldpi/default.png splash screen to /Users/okpala/IowaAlumni--Android-/build/android/res/drawable-long-port-ldpi/background.png
[DEBUG] found drawable-notlong-port-hdpi splash screen at /Users/okpala/IowaAlumni--Android-/Resources/android/images/res-notlong-port-hdpi/default.png
[DEBUG] copying /Users/okpala/IowaAlumni--Android-/Resources/android/images/res-notlong-port-hdpi/default.png splash screen to /Users/okpala/IowaAlumni--Android-/build/android/res/drawable-notlong-port-hdpi/background.png
[DEBUG] found drawable-notlong-port-ldpi splash screen at /Users/okpala/IowaAlumni--Android-/Resources/android/images/res-notlong-port-ldpi/default.png
[DEBUG] copying /Users/okpala/IowaAlumni--Android-/Resources/android/images/res-notlong-port-ldpi/default.png splash screen to /Users/okpala/IowaAlumni--Android-/build/android/res/drawable-notlong-port-ldpi/background.png
[DEBUG] found drawable-notlong-port-mdpi splash screen at /Users/okpala/IowaAlumni--Android-/Resources/android/images/res-notlong-port-mdpi/default.png
[DEBUG] copying /Users/okpala/IowaAlumni--Android-/Resources/android/images/res-notlong-port-mdpi/default.png splash screen to /Users/okpala/IowaAlumni--Android-/build/android/res/drawable-notlong-port-mdpi/background.png
[DEBUG] found splash screen at /Users/okpala/IowaAlumni--Android-/build/android/bin/assets/Resources/default.png
[INFO] Detected custom ApplicationManifest.xml -- no Titanium version migration supported
[DEBUG] Added 'screenSize' to <activity android:configChanges> because targeted api level 14 is >= 13
[TRACE] Writing out AndroidManifest.xml
[DEBUG] adding /Users/okpala/IowaAlumni--Android-/build/android/gen/com/iowalum/uiowaalumni/ApplicationStylesheet.java to javac build list
[DEBUG] adding /Users/okpala/IowaAlumni--Android-/build/android/gen/com/iowalum/uiowaalumni/Manifest.java to javac build list
[DEBUG] adding /Users/okpala/IowaAlumni--Android-/build/android/gen/com/iowalum/uiowaalumni/R.java to javac build list
[DEBUG] adding /Users/okpala/IowaAlumni--Android-/build/android/gen/com/iowalum/uiowaalumni/UiowaAlumniActivity.java to javac build list
[DEBUG] adding /Users/okpala/IowaAlumni--Android-/build/android/gen/com/iowalum/uiowaalumni/UiowaAlumniAppInfo.java to javac build list
[DEBUG] adding /Users/okpala/IowaAlumni--Android-/build/android/gen/com/iowalum/uiowaalumni/UiowaAlumniApplication.java to javac build list
[DEBUG] Building Java Sources: "/Users/okpala/IowaAlumni--Android-/build/android/gen/com/iowalum/uiowaalumni/ApplicationStylesheet.java" "/Users/okpala/IowaAlumni--Android-/build/android/gen/com/iowalum/uiowaalumni/Manifest.java" "/Users/okpala/IowaAlumni--Android-/build/android/gen/com/iowalum/uiowaalumni/R.java" "/Users/okpala/IowaAlumni--Android-/build/android/gen/com/iowalum/uiowaalumni/UiowaAlumniActivity.java" "/Users/okpala/IowaAlumni--Android-/build/android/gen/com/iowalum/uiowaalumni/UiowaAlumniAppInfo.java" "/Users/okpala/IowaAlumni--Android-/build/android/gen/com/iowalum/uiowaalumni/UiowaAlumniApplication.java"
[INFO] Compiling Android Resources... This could take some time
[DEBUG] Android classes.dex built
[DEBUG] creating unsigned apk: /Users/okpala/IowaAlumni--Android-/build/android/bin/app-unsigned.apk
[DEBUG] from resource zip => assets/Resources/images/homeselected.png
[DEBUG] from resource zip => assets/Resources/images/refresh_icon.png
[DEBUG] from resource zip => assets/Resources/ui/common/Ad.js
[DEBUG] from resource zip => assets/Resources/ui/common/ApplicationWindow.js
[DEBUG] from resource zip => assets/Resources/ui/common/ArticlesWindow.js
[DEBUG] from resource zip => assets/Resources/ui/common/CachedImageView.js
[DEBUG] from resource zip => assets/Resources/ui/common/ClubsWindow.js
[DEBUG] from resource zip => assets/Resources/ui/common/ContactUsWindow.js
[DEBUG] from resource zip => assets/Resources/ui/common/DateObject.js
[DEBUG] from resource zip => assets/Resources/ui/common/Description.js
[DEBUG] from resource zip => assets/Resources/ui/common/EditText.js
[DEBUG] from resource zip => assets/Resources/ui/common/ErrorWindow.js
[DEBUG] from resource zip => assets/Resources/ui/common/EventsWindow.js
[DEBUG] from resource zip => assets/Resources/ui/common/FeatureRow.js
[DEBUG] from resource zip => assets/Resources/ui/common/Feed.js
[DEBUG] from resource zip => assets/Resources/ui/common/FormatDate.js
[DEBUG] from resource zip => assets/Resources/ui/common/GameWatchWindow.js
[DEBUG] from resource zip => assets/Resources/ui/common/HeaderRow.js
[DEBUG] from resource zip => assets/Resources/ui/common/HomeImageSlider.js
[DEBUG] from resource zip => assets/Resources/ui/common/HomeSMSection.js
[DEBUG] from resource zip => assets/Resources/ui/common/IAMIntroRow.js
[DEBUG] from resource zip => assets/Resources/ui/common/IIBIntroRow.js
[DEBUG] from resource zip => assets/Resources/ui/common/ImageCaching.js
[DEBUG] from resource zip => assets/Resources/ui/common/LoadingScreen.js
[DEBUG] from resource zip => assets/Resources/ui/common/MapWindow.js
[DEBUG] from resource zip => assets/Resources/ui/common/MemberCardWindow.js
[DEBUG] from resource zip => assets/Resources/ui/common/MenuRow.js
[DEBUG] from resource zip => assets/Resources/ui/common/NationalBenefitsWindow.js
[DEBUG] from resource zip => assets/Resources/ui/common/NavigateWindow.js
[DEBUG] from resource zip => assets/Resources/ui/common/Post.js
[DEBUG] from resource zip => assets/Resources/ui/common/PostGroup.js
[DEBUG] from resource zip => assets/Resources/ui/common/RefreshSection.js
[DEBUG] from resource zip => assets/Resources/ui/common/RootWindow.js
[DEBUG] from resource zip => assets/Resources/ui/common/Row.js
[DEBUG] from resource zip => assets/Resources/ui/common/SinglePost.js
[DEBUG] from resource zip => assets/Resources/ui/common/SingleRow.js
[DEBUG] from resource zip => assets/Resources/ui/common/SocialMediaIcons.js
[DEBUG] from resource zip => assets/Resources/ui/common/StatesWindow.js
[DEBUG] from resource zip => assets/Resources/ui/common/StaticAd.js
[DEBUG] from resource zip => assets/Resources/ui/common/TabNavWindow.js
[DEBUG] from resource zip => assets/Resources/ui/common/Tracker.js
[DEBUG] from resource zip => assets/Resources/ui/common/WebView.js
[DEBUG] from resource zip => assets/Resources/ui/common/createRemoteImageView2.js
[DEBUG] from resource zip => assets/Resources/KS_nav_ui.png
[DEBUG] from resource zip => assets/Resources/KS_nav_views.png
[DEBUG] from resource zip => assets/Resources/UIAA_bw.jpg
[DEBUG] from resource zip => assets/Resources/app.js
[DEBUG] from resource zip => assets/Resources/appicon.png
[DEBUG] from resource zip => assets/Resources/arrow.png
[DEBUG] from resource zip => assets/Resources/black.png
[DEBUG] from resource zip => assets/Resources/blue.png
[DEBUG] from resource zip => assets/Resources/clubs.png
[DEBUG] from resource zip => assets/Resources/clubsselected.png
[DEBUG] from resource zip => assets/Resources/dark.jpg
[DEBUG] from resource zip => assets/Resources/default.png
[DEBUG] from resource zip => assets/Resources/events.png
[DEBUG] from resource zip => assets/Resources/eventsselected.png
[DEBUG] from resource zip => assets/Resources/facebook.png
[DEBUG] from resource zip => assets/Resources/fourquare.png
[DEBUG] from resource zip => assets/Resources/gold-broder.png
[DEBUG] from resource zip => assets/Resources/gold.png
[DEBUG] from resource zip => assets/Resources/goldover.png
[DEBUG] from resource zip => assets/Resources/gray-broder.png
[DEBUG] from resource zip => assets/Resources/herky.png
[DEBUG] from resource zip => assets/Resources/home.png
[DEBUG] from resource zip => assets/Resources/homeselected.png
[DEBUG] from resource zip => assets/Resources/info.png
[DEBUG] from resource zip => assets/Resources/infoselected.png
[DEBUG] from resource zip => assets/Resources/insider.png
[DEBUG] from resource zip => assets/Resources/insiderselected.png
[DEBUG] from resource zip => assets/Resources/instagram.png
[DEBUG] from resource zip => assets/Resources/iowaPeople.png
[DEBUG] from resource zip => assets/Resources/linkedin.png
[DEBUG] from resource zip => assets/Resources/loader.png
[DEBUG] from resource zip => assets/Resources/loader120x120.png
[DEBUG] from resource zip => assets/Resources/loader400x600.png
[DEBUG] from resource zip => assets/Resources/loader480x120.png
[DEBUG] from resource zip => assets/Resources/logo.png
[DEBUG] from resource zip => assets/Resources/magazine.png
[DEBUG] from resource zip => assets/Resources/magazineselected.png
[DEBUG] from resource zip => assets/Resources/magfan.jpg
[DEBUG] from resource zip => assets/Resources/magfan.png
[DEBUG] from resource zip => assets/Resources/memberbenefits.png
[DEBUG] from resource zip => assets/Resources/memberbenefitsselected.png
[DEBUG] from resource zip => assets/Resources/membercard.png
[DEBUG] from resource zip => assets/Resources/membercardselected.png
[DEBUG] from resource zip => assets/Resources/menu.jpg
[DEBUG] from resource zip => assets/Resources/menubg.jpg
[DEBUG] from resource zip => assets/Resources/navbar.png
[DEBUG] from resource zip => assets/Resources/overshadow.png
[DEBUG] from resource zip => assets/Resources/overshadow2.png
[DEBUG] from resource zip => assets/Resources/overshadow3.png
[DEBUG] from resource zip => assets/Resources/people.png
[DEBUG] from resource zip => assets/Resources/pinterest.png
[DEBUG] from resource zip => assets/Resources/pressed.jpg
[DEBUG] from resource zip => assets/Resources/shadow.png
[DEBUG] from resource zip => assets/Resources/tagline.png
[DEBUG] from resource zip => assets/Resources/test.png
[DEBUG] from resource zip => assets/Resources/thawk.png
[DEBUG] from resource zip => assets/Resources/tv.png
[DEBUG] from resource zip => assets/Resources/twitter.png
[DEBUG] from resource zip => assets/app.json
[DEBUG] from resource zip => assets/index.json
[DEBUG] from resource zip => res/drawable/appicon.png
[DEBUG] from resource zip => res/drawable/background.png
[DEBUG] from resource zip => res/drawable/btn_check_buttonless_on_64.png
[DEBUG] from resource zip => res/drawable/btn_more_64.png
[DEBUG] from resource zip => res/drawable/disclosure_64.png
[DEBUG] from resource zip => res/layout/titanium_tabgroup.xml
[DEBUG] from resource zip => res/layout/titanium_ui_list_header_or_footer.xml
[DEBUG] from resource zip => res/layout/titanium_ui_list_item.xml
[DEBUG] from resource zip => AndroidManifest.xml
[DEBUG] from resource zip => resources.arsc
[DEBUG] from resource zip => res/drawable-long-port-hdpi/background.png
[DEBUG] from resource zip => res/drawable-long-port-hdpi/black_d2acacc35a.png
[DEBUG] from resource zip => res/drawable-long-port-hdpi/default1_aa429f3a8b.png
[DEBUG] from resource zip => res/drawable-long-port-hdpi/newmenubutton_d54781c954.png
[DEBUG] from resource zip => res/drawable-long-port-ldpi/background.png
[DEBUG] from resource zip => res/drawable-long-port-ldpi/black_d2acacc35a.png
[DEBUG] from resource zip => res/drawable-long-port-ldpi/default1_aa429f3a8b.png
[DEBUG] from resource zip => res/drawable-long-port-ldpi/newmenubutton_d54781c954.png
[DEBUG] from resource zip => res/drawable-notlong-port-hdpi/background.png
[DEBUG] from resource zip => res/drawable-notlong-port-hdpi/black_d2acacc35a.png
[DEBUG] from resource zip => res/drawable-notlong-port-hdpi/default1_aa429f3a8b.png
[DEBUG] from resource zip => res/drawable-notlong-port-hdpi/newmenubutton_d54781c954.png
[DEBUG] from resource zip => res/drawable-notlong-port-ldpi/background.png
[DEBUG] from resource zip => res/drawable-notlong-port-ldpi/black_d2acacc35a.png
[DEBUG] from resource zip => res/drawable-notlong-port-ldpi/default1_aa429f3a8b.png
[DEBUG] from resource zip => res/drawable-notlong-port-ldpi/newmenubutton_d54781c954.png
[DEBUG] from resource zip => res/drawable-notlong-port-mdpi/background.png
[DEBUG] from resource zip => res/drawable-notlong-port-mdpi/black_d2acacc35a.png
[DEBUG] from resource zip => res/drawable-notlong-port-mdpi/default1_aa429f3a8b.png
[DEBUG] from resource zip => res/drawable-notlong-port-mdpi/newmenubutton_d54781c954.png
[DEBUG] from JAR /Users/okpala/Library/Application Support/Titanium/mobilesdk/osx/3.1.3.GA/android/titanium.jar => org/appcelerator/titanium/build.properties
[DEBUG] from JAR /Users/okpala/Library/Application Support/Titanium/mobilesdk/osx/3.1.3.GA/android/titanium.jar => org/appcelerator/titanium/res/drawable/background.png
[DEBUG] from JAR /Users/okpala/Library/Application Support/Titanium/mobilesdk/osx/3.1.3.GA/android/titanium.jar => org/appcelerator/titanium/res/drawable/btn_check_buttonless_on.png
[DEBUG] from JAR /Users/okpala/Library/Application Support/Titanium/mobilesdk/osx/3.1.3.GA/android/titanium.jar => org/appcelerator/titanium/res/drawable/btn_check_buttonless_on_18.png
[DEBUG] from JAR /Users/okpala/Library/Application Support/Titanium/mobilesdk/osx/3.1.3.GA/android/titanium.jar => org/appcelerator/titanium/res/drawable/btn_check_buttonless_on_48.png
[DEBUG] from JAR /Users/okpala/Library/Application Support/Titanium/mobilesdk/osx/3.1.3.GA/android/titanium.jar => org/appcelerator/titanium/res/drawable/btn_check_buttonless_on_64.png
[DEBUG] from JAR /Users/okpala/Library/Application Support/Titanium/mobilesdk/osx/3.1.3.GA/android/titanium.jar => org/appcelerator/titanium/res/drawable/btn_more.png
[DEBUG] from JAR /Users/okpala/Library/Application Support/Titanium/mobilesdk/osx/3.1.3.GA/android/titanium.jar => org/appcelerator/titanium/res/drawable/btn_more_18.png
[DEBUG] from JAR /Users/okpala/Library/Application Support/Titanium/mobilesdk/osx/3.1.3.GA/android/titanium.jar => org/appcelerator/titanium/res/drawable/btn_more_48.png
[DEBUG] from JAR /Users/okpala/Library/Application Support/Titanium/mobilesdk/osx/3.1.3.GA/android/titanium.jar => org/appcelerator/titanium/res/drawable/btn_more_64.png
[DEBUG] from JAR /Users/okpala/Library/Application Support/Titanium/mobilesdk/osx/3.1.3.GA/android/titanium.jar => org/appcelerator/titanium/res/drawable/btn_picker_normal.9.png
[DEBUG] from JAR /Users/okpala/Library/Application Support/Titanium/mobilesdk/osx/3.1.3.GA/android/titanium.jar => org/appcelerator/titanium/res/drawable/btn_picker_pressed.9.png
[DEBUG] from JAR /Users/okpala/Library/Application Support/Titanium/mobilesdk/osx/3.1.3.GA/android/titanium.jar => org/appcelerator/titanium/res/drawable/btn_picker_selected.9.png
[DEBUG] from JAR /Users/okpala/Library/Application Support/Titanium/mobilesdk/osx/3.1.3.GA/android/titanium.jar => org/appcelerator/titanium/res/drawable/default_icon.png
[DEBUG] from JAR /Users/okpala/Library/Application Support/Titanium/mobilesdk/osx/3.1.3.GA/android/titanium.jar => org/appcelerator/titanium/res/drawable/photoDefault.png
[DEBUG] from JAR /Users/okpala/Library/Application Support/Titanium/mobilesdk/osx/3.1.3.GA/android/thirdparty.jar => org/apache/Commons-NOTICE.txt
[DEBUG] from JAR /Users/okpala/Library/Application Support/Titanium/mobilesdk/osx/3.1.3.GA/android/thirdparty.jar => org/apache/HttpComponents-NOTICE.txt
[DEBUG] from JAR /Users/okpala/Library/Application Support/Titanium/mobilesdk/osx/3.1.3.GA/android/thirdparty.jar => org/apache/mime4j-NOTICE.txt
[DEBUG] from JAR /Users/okpala/Library/Application Support/Titanium/mobilesdk/osx/3.1.3.GA/android/modules/titanium-ui.jar => ti/modules/titanium/ui/widget/webview/binding.js
[DEBUG] from JAR /Users/okpala/Library/Application Support/Titanium/mobilesdk/osx/3.1.3.GA/android/modules/titanium-ui.jar => ti/modules/titanium/ui/widget/webview/binding.min.js
[DEBUG] from JAR /Users/okpala/Library/Application Support/Titanium/mobilesdk/osx/3.1.3.GA/android/modules/titanium-ui.jar => ti/modules/titanium/ui/widget/webview/json2.js
[DEBUG] from JAR /Users/okpala/Library/Application Support/Titanium/mobilesdk/osx/3.1.3.GA/android/modules/titanium-ui.jar => ti/modules/titanium/ui/widget/webview/polling.js
[DEBUG] from JAR /Users/okpala/Library/Application Support/Titanium/mobilesdk/osx/3.1.3.GA/android/modules/titanium-ui.jar => ti/modules/titanium/ui/widget/webview/polling.min.js
[DEBUG] installing native lib: /Users/okpala/IowaAlumni--Android-/modules/android/analytics.google/1.0/libs/armeabi/libanalytics.google.so
[DEBUG] installing native lib: /Users/okpala/IowaAlumni--Android-/modules/android/analytics.google/1.0/libs/armeabi-v7a/libanalytics.google.so
[DEBUG] installing native lib: /Users/okpala/IowaAlumni--Android-/modules/android/analytics.google/1.0/libs/x86/libanalytics.google.so
[DEBUG] installing native lib: /Users/okpala/IowaAlumni--Android-/modules/android/ti.map/2.1.3/libs/armeabi/libti.map.so
[DEBUG] installing native lib: /Users/okpala/IowaAlumni--Android-/modules/android/ti.map/2.1.3/libs/armeabi-v7a/libti.map.so
[DEBUG] installing native lib: /Users/okpala/IowaAlumni--Android-/modules/android/ti.map/2.1.3/libs/x86/libti.map.so
[DEBUG] installing native SDK libs
[DEBUG] Waiting for device to be ready ...
[TRACE] adb devices returned 2 devices/emulators
[DEBUG] Device connected... (waited 0 seconds)
[DEBUG] waited 0.028026 seconds on emulator to get ready
[INFO] Installing application on device
[INFO] Application installed. Launch from drawer on Home Screen
[INFO] Android Emulator has exited
